[2020-04-23 14:40:28][INFO] [kevin]注册成功。
[2020-04-23 14:48:00][INFO] [kevin]登录成功.
[2020-04-23 14:50:50][INFO] [kevin]登录成功.
[2020-04-23 14:51:18][INFO] [mike]注册成功。
[2020-04-23 14:55:08][INFO] [ben]注册成功。
[2020-04-23 15:42:29][ERROR] [mike]用户名或密码错误.
[2020-04-23 15:42:42][INFO] [mike]登录成功.
[2020-04-23 15:45:19][INFO] [mike]登录成功.
[2020-04-23 15:45:42][INFO] [kevin]登录成功.
[2020-04-23 15:51:10][INFO] [ben]登录成功.
[2020-04-23 16:18:42][INFO] [kevin]登录成功.
[2020-04-23 16:19:14][INFO] [lily]注册成功。
[2020-04-23 16:19:30][ERROR] [ben]用户名或密码错误.
[2020-04-23 16:19:39][INFO] [ben]登录成功.
[2020-04-23 16:20:36][INFO] [kevin]登录成功.
[2020-04-23 16:22:09][INFO] [dir] 执行成功.
[2020-04-23 16:28:11][INFO] [kevin]登录成功.
[2020-04-23 16:28:48][INFO] [mike]登录成功.
[2020-04-23 16:38:28][INFO] [dir] 执行成功.
[2020-04-23 16:38:51][INFO] [put test02.jpg] 执行成功.
[2020-04-23 16:38:51][INFO] [D:\networkproject\project1516\server\home\kevin\test02.jpg] 文件开始上传.
[2020-04-23 16:38:51][INFO] [D:\networkproject\project1516\server\home\kevin\test02.jpg] 文件上传完成.
[2020-04-23 16:41:08][INFO] [kevin]登录成功.
[2020-04-23 16:41:12][INFO] [dir] 执行成功.
[2020-04-23 16:41:33][INFO] [put test01.jpg] 执行成功.
[2020-04-23 16:41:33][INFO] [D:\networkproject\project1516\server\home\kevin\test01.jpg] 文件开始上传.
[2020-04-23 16:41:33][INFO] [D:\networkproject\project1516\server\home\kevin\test01.jpg] 文件上传完成.
[2020-04-23 16:41:52][INFO] [dir] 执行成功.
[2020-04-23 16:42:10][INFO] [mkdir 01] 执行成功.
[2020-04-23 16:42:16][INFO] [pwd] 执行成功.
[2020-04-23 16:42:28][INFO] [pwd] 执行成功.
